[Sun Jul 15 17:17:52 2018] Array
(
    [0] => test
    [1] => with
    [2] => array
)

[Sun Jul 15 17:18:08 2018] Array
(
    [0] => test
    [1] => with
    [2] => array
)

[Sun Jul 15 17:31:18 2018] Array
(
    [0] => test
    [1] => with
    [2] => array
)

[Sun Jul 15 17:31:18 2018] Array
(
    [0] => test
    [1] => with
    [2] => array
)

[Sun Jul 15 21:16:38 2018] Array
(
    [0] => test
    [1] => with
    [2] => array
)

[Sun Jul 15 21:18:55 2018] Array
(
    [0] => test
    [1] => with
    [2] => array
)

